2015-08-17 16:45:35,948 [Worker-4] INFO  o.e.m.c.i.i.nexus.NexusIndexManager - Updating index for repository: stg-repo-mirror|http://cguschp275vm/artifactory/repo
2015-08-17 16:45:36,665 [Worker-4] INFO  c.n.h.c.p.n.NettyAsyncHttpProvider - Number of application's worked threads is 2
2015-08-17 16:45:52,671 [ModalContext] INFO  c.n.h.c.p.n.NettyAsyncHttpProvider - Number of application's worked threads is 2
2015-08-17 16:45:54,372 [New I/O client worker #2-1] INFO  o.e.m.c.i.e.AbstractTransferListenerAdapter - Downloading http://cguschp275vm/artifactory/repo/org/apache/maven/plugins/maven-compiler-plugin/3.3/maven-compiler-plugin-3.3.jar
2015-08-17 16:45:54,543 [New I/O client worker #2-1] INFO  o.e.m.c.i.e.AbstractTransferListenerAdapter - Downloaded http://cguschp275vm/artifactory/repo/org/apache/maven/plugins/maven-compiler-plugin/3.3/maven-compiler-plugin-3.3.jar
2015-08-17 16:45:55,152 [ModalContext] INFO  c.n.h.c.p.n.NettyAsyncHttpProvider - Number of application's worked threads is 2
2015-08-17 16:45:55,261 [New I/O client worker #3-1] INFO  o.e.m.c.i.e.AbstractTransferListenerAdapter - Downloading http://cguschp275vm/artifactory/repo/org/apache/maven/plugins/maven-jar-plugin/2.6/maven-jar-plugin-2.6.jar
2015-08-17 16:45:55,386 [New I/O client worker #3-1] INFO  o.e.m.c.i.e.AbstractTransferListenerAdapter - Downloaded http://cguschp275vm/artifactory/repo/org/apache/maven/plugins/maven-jar-plugin/2.6/maven-jar-plugin-2.6.jar
2015-08-17 16:45:56,275 [ModalContext] INFO  c.n.h.c.p.n.NettyAsyncHttpProvider - Number of application's worked threads is 2
2015-08-17 16:45:58,677 [New I/O client worker #4-1] INFO  o.e.m.c.i.e.AbstractTransferListenerAdapter - Downloading http://cguschp275vm/artifactory/repo/org/apache/maven/plugins/maven-compiler-plugin/3.3/maven-compiler-plugin-3.3.pom
2015-08-17 16:45:58,677 [New I/O client worker #4-1] INFO  o.e.m.c.i.e.AbstractTransferListenerAdapter - Downloaded http://cguschp275vm/artifactory/repo/org/apache/maven/plugins/maven-compiler-plugin/3.3/maven-compiler-plugin-3.3.pom
2015-08-17 16:45:58,849 [ModalContext] INFO  c.n.h.c.p.n.NettyAsyncHttpProvider - Number of application's worked threads is 2
2015-08-17 16:45:59,473 [New I/O client worker #5-1] INFO  o.e.m.c.i.e.AbstractTransferListenerAdapter - Downloading http://cguschp275vm/artifactory/repo/org/apache/maven/plugins/maven-plugins/27/maven-plugins-27.pom
2015-08-17 16:45:59,473 [New I/O client worker #5-1] INFO  o.e.m.c.i.e.AbstractTransferListenerAdapter - Downloaded http://cguschp275vm/artifactory/repo/org/apache/maven/plugins/maven-plugins/27/maven-plugins-27.pom
2015-08-17 16:45:59,847 [ModalContext] INFO  c.n.h.c.p.n.NettyAsyncHttpProvider - Number of application's worked threads is 2
2015-08-17 16:46:00,003 [New I/O client worker #6-1] INFO  o.e.m.c.i.e.AbstractTransferListenerAdapter - Downloading http://cguschp275vm/artifactory/repo/org/apache/maven/maven-parent/26/maven-parent-26.pom
2015-08-17 16:46:00,003 [New I/O client worker #6-1] INFO  o.e.m.c.i.e.AbstractTransferListenerAdapter - Downloaded http://cguschp275vm/artifactory/repo/org/apache/maven/maven-parent/26/maven-parent-26.pom
2015-08-17 16:46:00,986 [ModalContext] INFO  c.n.h.c.p.n.NettyAsyncHttpProvider - Number of application's worked threads is 2
2015-08-17 16:46:01,672 [New I/O client worker #7-1] INFO  o.e.m.c.i.e.AbstractTransferListenerAdapter - Downloading http://cguschp275vm/artifactory/repo/org/apache/apache/16/apache-16.pom
2015-08-17 16:46:01,672 [New I/O client worker #7-1] INFO  o.e.m.c.i.e.AbstractTransferListenerAdapter - Downloaded http://cguschp275vm/artifactory/repo/org/apache/apache/16/apache-16.pom
2015-08-17 16:46:03,154 [ModalContext] INFO  c.n.h.c.p.n.NettyAsyncHttpProvider - Number of application's worked threads is 2
2015-08-17 16:46:03,560 [New I/O client worker #8-1] INFO  o.e.m.c.i.e.AbstractTransferListenerAdapter - Downloading http://cguschp275vm/artifactory/repo/org/apache/maven/maven-plugin-api/2.2.1/maven-plugin-api-2.2.1.pom
2015-08-17 16:46:03,560 [New I/O client worker #8-1] INFO  o.e.m.c.i.e.AbstractTransferListenerAdapter - Downloaded http://cguschp275vm/artifactory/repo/org/apache/maven/maven-plugin-api/2.2.1/maven-plugin-api-2.2.1.pom
2015-08-17 16:46:06,197 [ModalContext] INFO  c.n.h.c.p.n.NettyAsyncHttpProvider - Number of application's worked threads is 2
2015-08-17 16:46:06,306 [New I/O client worker #9-1] INFO  o.e.m.c.i.e.AbstractTransferListenerAdapter - Downloading http://cguschp275vm/artifactory/repo/org/apache/maven/maven/2.2.1/maven-2.2.1.pom
2015-08-17 16:46:06,306 [New I/O client worker #9-1] INFO  o.e.m.c.i.e.AbstractTransferListenerAdapter - Downloaded http://cguschp275vm/artifactory/repo/org/apache/maven/maven/2.2.1/maven-2.2.1.pom
2015-08-17 16:46:07,273 [ModalContext] INFO  c.n.h.c.p.n.NettyAsyncHttpProvider - Number of application's worked threads is 2
2015-08-17 16:46:08,521 [New I/O client worker #10-1] INFO  o.e.m.c.i.e.AbstractTransferListenerAdapter - Downloading http://cguschp275vm/artifactory/repo/org/apache/maven/maven-artifact/2.2.1/maven-artifact-2.2.1.pom
2015-08-17 16:46:08,521 [New I/O client worker #10-1] INFO  o.e.m.c.i.e.AbstractTransferListenerAdapter - Downloaded http://cguschp275vm/artifactory/repo/org/apache/maven/maven-artifact/2.2.1/maven-artifact-2.2.1.pom
2015-08-17 16:46:10,019 [ModalContext] INFO  c.n.h.c.p.n.NettyAsyncHttpProvider - Number of application's worked threads is 2
2015-08-17 16:46:10,533 [New I/O client worker #11-1] INFO  o.e.m.c.i.e.AbstractTransferListenerAdapter - Downloading http://cguschp275vm/artifactory/repo/org/apache/maven/maven-core/2.2.1/maven-core-2.2.1.pom
2015-08-17 16:46:10,533 [New I/O client worker #11-1] INFO  o.e.m.c.i.e.AbstractTransferListenerAdapter - Downloaded http://cguschp275vm/artifactory/repo/org/apache/maven/maven-core/2.2.1/maven-core-2.2.1.pom
2015-08-17 16:46:11,376 [ModalContext] INFO  c.n.h.c.p.n.NettyAsyncHttpProvider - Number of application's worked threads is 2
2015-08-17 16:46:11,781 [New I/O client worker #12-1] INFO  o.e.m.c.i.e.AbstractTransferListenerAdapter - Downloading http://cguschp275vm/artifactory/repo/org/apache/maven/maven-settings/2.2.1/maven-settings-2.2.1.pom
2015-08-17 16:46:11,781 [New I/O client worker #12-1] INFO  o.e.m.c.i.e.AbstractTransferListenerAdapter - Downloaded http://cguschp275vm/artifactory/repo/org/apache/maven/maven-settings/2.2.1/maven-settings-2.2.1.pom
2015-08-17 16:46:12,281 [ModalContext] INFO  c.n.h.c.p.n.NettyAsyncHttpProvider - Number of application's worked threads is 2
2015-08-17 16:46:12,733 [New I/O client worker #13-1] INFO  o.e.m.c.i.e.AbstractTransferListenerAdapter - Downloading http://cguschp275vm/artifactory/repo/org/apache/maven/maven-model/2.2.1/maven-model-2.2.1.pom
2015-08-17 16:46:12,733 [New I/O client worker #13-1] INFO  o.e.m.c.i.e.AbstractTransferListenerAdapter - Downloaded http://cguschp275vm/artifactory/repo/org/apache/maven/maven-model/2.2.1/maven-model-2.2.1.pom
2015-08-17 16:46:13,638 [ModalContext] INFO  c.n.h.c.p.n.NettyAsyncHttpProvider - Number of application's worked threads is 2
2015-08-17 16:46:14,356 [New I/O client worker #14-1] INFO  o.e.m.c.i.e.AbstractTransferListenerAdapter - Downloading http://cguschp275vm/artifactory/repo/org/codehaus/plexus/plexus-interpolation/1.11/plexus-interpolation-1.11.pom
2015-08-17 16:46:14,371 [New I/O client worker #14-1] INFO  o.e.m.c.i.e.AbstractTransferListenerAdapter - Downloaded http://cguschp275vm/artifactory/repo/org/codehaus/plexus/plexus-interpolation/1.11/plexus-interpolation-1.11.pom
2015-08-17 16:46:15,229 [ModalContext] INFO  c.n.h.c.p.n.NettyAsyncHttpProvider - Number of application's worked threads is 2
2015-08-17 16:46:15,682 [New I/O client worker #15-1] INFO  o.e.m.c.i.e.AbstractTransferListenerAdapter - Downloading http://cguschp275vm/artifactory/repo/org/apache/maven/maven-plugin-parameter-documenter/2.2.1/maven-plugin-parameter-documenter-2.2.1.pom
2015-08-17 16:46:15,682 [New I/O client worker #15-1] INFO  o.e.m.c.i.e.AbstractTransferListenerAdapter - Downloaded http://cguschp275vm/artifactory/repo/org/apache/maven/maven-plugin-parameter-documenter/2.2.1/maven-plugin-parameter-documenter-2.2.1.pom
2015-08-17 16:46:16,524 [ModalContext] INFO  c.n.h.c.p.n.NettyAsyncHttpProvider - Number of application's worked threads is 2
2015-08-17 16:46:17,023 [New I/O client worker #16-1] INFO  o.e.m.c.i.e.AbstractTransferListenerAdapter - Downloading http://cguschp275vm/artifactory/repo/org/slf4j/slf4j-jdk14/1.5.6/slf4j-jdk14-1.5.6.pom
2015-08-17 16:46:17,023 [New I/O client worker #16-1] INFO  o.e.m.c.i.e.AbstractTransferListenerAdapter - Downloaded http://cguschp275vm/artifactory/repo/org/slf4j/slf4j-jdk14/1.5.6/slf4j-jdk14-1.5.6.pom
2015-08-17 16:46:19,847 [ModalContext] INFO  c.n.h.c.p.n.NettyAsyncHttpProvider - Number of application's worked threads is 2
2015-08-17 16:46:20,346 [New I/O client worker #17-1] INFO  o.e.m.c.i.e.AbstractTransferListenerAdapter - Downloading http://cguschp275vm/artifactory/repo/org/slf4j/jcl-over-slf4j/1.5.6/jcl-over-slf4j-1.5.6.pom
2015-08-17 16:46:20,346 [New I/O client worker #17-1] INFO  o.e.m.c.i.e.AbstractTransferListenerAdapter - Downloaded http://cguschp275vm/artifactory/repo/org/slf4j/jcl-over-slf4j/1.5.6/jcl-over-slf4j-1.5.6.pom
2015-08-17 16:46:21,188 [ModalContext] INFO  c.n.h.c.p.n.NettyAsyncHttpProvider - Number of application's worked threads is 2
2015-08-17 16:46:21,672 [New I/O client worker #18-1] INFO  o.e.m.c.i.e.AbstractTransferListenerAdapter - Downloading http://cguschp275vm/artifactory/repo/org/apache/maven/maven-profile/2.2.1/maven-profile-2.2.1.pom
2015-08-17 16:46:21,672 [New I/O client worker #18-1] INFO  o.e.m.c.i.e.AbstractTransferListenerAdapter - Downloaded http://cguschp275vm/artifactory/repo/org/apache/maven/maven-profile/2.2.1/maven-profile-2.2.1.pom
2015-08-17 16:46:22,733 [ModalContext] INFO  c.n.h.c.p.n.NettyAsyncHttpProvider - Number of application's worked threads is 2
2015-08-17 16:46:23,684 [New I/O client worker #19-1] INFO  o.e.m.c.i.e.AbstractTransferListenerAdapter - Downloading http://cguschp275vm/artifactory/repo/org/apache/maven/maven-repository-metadata/2.2.1/maven-repository-metadata-2.2.1.pom
2015-08-17 16:46:23,684 [New I/O client worker #19-1] INFO  o.e.m.c.i.e.AbstractTransferListenerAdapter - Downloaded http://cguschp275vm/artifactory/repo/org/apache/maven/maven-repository-metadata/2.2.1/maven-repository-metadata-2.2.1.pom
2015-08-17 16:46:24,730 [ModalContext] INFO  c.n.h.c.p.n.NettyAsyncHttpProvider - Number of application's worked threads is 2
2015-08-17 16:46:25,447 [New I/O client worker #20-1] INFO  o.e.m.c.i.e.AbstractTransferListenerAdapter - Downloading http://cguschp275vm/artifactory/repo/org/apache/maven/maven-error-diagnostics/2.2.1/maven-error-diagnostics-2.2.1.pom
2015-08-17 16:46:25,447 [New I/O client worker #20-1] INFO  o.e.m.c.i.e.AbstractTransferListenerAdapter - Downloaded http://cguschp275vm/artifactory/repo/org/apache/maven/maven-error-diagnostics/2.2.1/maven-error-diagnostics-2.2.1.pom
2015-08-17 16:46:25,853 [ModalContext] INFO  c.n.h.c.p.n.NettyAsyncHttpProvider - Number of application's worked threads is 2
2015-08-17 16:46:26,321 [New I/O client worker #21-1] INFO  o.e.m.c.i.e.AbstractTransferListenerAdapter - Downloading http://cguschp275vm/artifactory/repo/org/apache/maven/maven-project/2.2.1/maven-project-2.2.1.pom
2015-08-17 16:46:26,321 [New I/O client worker #21-1] INFO  o.e.m.c.i.e.AbstractTransferListenerAdapter - Downloaded http://cguschp275vm/artifactory/repo/org/apache/maven/maven-project/2.2.1/maven-project-2.2.1.pom
2015-08-17 16:46:28,240 [ModalContext] INFO  c.n.h.c.p.n.NettyAsyncHttpProvider - Number of application's worked threads is 2
2015-08-17 16:46:29,394 [New I/O client worker #22-1] INFO  o.e.m.c.i.e.AbstractTransferListenerAdapter - Downloading http://cguschp275vm/artifactory/repo/org/apache/maven/maven-artifact-manager/2.2.1/maven-artifact-manager-2.2.1.pom
2015-08-17 16:46:29,394 [New I/O client worker #22-1] INFO  o.e.m.c.i.e.AbstractTransferListenerAdapter - Downloaded http://cguschp275vm/artifactory/repo/org/apache/maven/maven-artifact-manager/2.2.1/maven-artifact-manager-2.2.1.pom
2015-08-17 16:46:32,124 [ModalContext] INFO  c.n.h.c.p.n.NettyAsyncHttpProvider - Number of application's worked threads is 2
2015-08-17 16:46:32,577 [New I/O client worker #23-1] INFO  o.e.m.c.i.e.AbstractTransferListenerAdapter - Downloading http://cguschp275vm/artifactory/repo/org/apache/maven/maven-plugin-registry/2.2.1/maven-plugin-registry-2.2.1.pom
2015-08-17 16:46:32,577 [New I/O client worker #23-1] INFO  o.e.m.c.i.e.AbstractTransferListenerAdapter - Downloaded http://cguschp275vm/artifactory/repo/org/apache/maven/maven-plugin-registry/2.2.1/maven-plugin-registry-2.2.1.pom
2015-08-17 16:46:33,669 [ModalContext] INFO  c.n.h.c.p.n.NettyAsyncHttpProvider - Number of application's worked threads is 2
2015-08-17 16:46:34,137 [New I/O client worker #24-1] INFO  o.e.m.c.i.e.AbstractTransferListenerAdapter - Downloading http://cguschp275vm/artifactory/repo/org/apache/maven/maven-plugin-descriptor/2.2.1/maven-plugin-descriptor-2.2.1.pom
2015-08-17 16:46:34,137 [New I/O client worker #24-1] INFO  o.e.m.c.i.e.AbstractTransferListenerAdapter - Downloaded http://cguschp275vm/artifactory/repo/org/apache/maven/maven-plugin-descriptor/2.2.1/maven-plugin-descriptor-2.2.1.pom
2015-08-17 16:46:34,589 [ModalContext] INFO  c.n.h.c.p.n.NettyAsyncHttpProvider - Number of application's worked threads is 2
2015-08-17 16:46:35,276 [New I/O client worker #25-1] INFO  o.e.m.c.i.e.AbstractTransferListenerAdapter - Downloading http://cguschp275vm/artifactory/repo/org/apache/maven/maven-monitor/2.2.1/maven-monitor-2.2.1.pom
2015-08-17 16:46:35,291 [New I/O client worker #25-1] INFO  o.e.m.c.i.e.AbstractTransferListenerAdapter - Downloaded http://cguschp275vm/artifactory/repo/org/apache/maven/maven-monitor/2.2.1/maven-monitor-2.2.1.pom
2015-08-17 16:46:36,134 [ModalContext] INFO  c.n.h.c.p.n.NettyAsyncHttpProvider - Number of application's worked threads is 2
2015-08-17 16:46:36,414 [New I/O client worker #26-1] INFO  o.e.m.c.i.e.AbstractTransferListenerAdapter - Downloading http://cguschp275vm/artifactory/repo/org/sonatype/plexus/plexus-sec-dispatcher/1.3/plexus-sec-dispatcher-1.3.pom
2015-08-17 16:46:36,414 [New I/O client worker #26-1] INFO  o.e.m.c.i.e.AbstractTransferListenerAdapter - Downloaded http://cguschp275vm/artifactory/repo/org/sonatype/plexus/plexus-sec-dispatcher/1.3/plexus-sec-dispatcher-1.3.pom
2015-08-17 16:46:36,882 [ModalContext] INFO  c.n.h.c.p.n.NettyAsyncHttpProvider - Number of application's worked threads is 2
2015-08-17 16:46:37,397 [New I/O client worker #27-1] INFO  o.e.m.c.i.e.AbstractTransferListenerAdapter - Downloading http://cguschp275vm/artifactory/repo/org/sonatype/spice/spice-parent/12/spice-parent-12.pom
2015-08-17 16:46:37,397 [New I/O client worker #27-1] INFO  o.e.m.c.i.e.AbstractTransferListenerAdapter - Downloaded http://cguschp275vm/artifactory/repo/org/sonatype/spice/spice-parent/12/spice-parent-12.pom
2015-08-17 16:46:38,458 [ModalContext] INFO  c.n.h.c.p.n.NettyAsyncHttpProvider - Number of application's worked threads is 2
2015-08-17 16:46:39,222 [New I/O client worker #28-1] INFO  o.e.m.c.i.e.AbstractTransferListenerAdapter - Downloading http://cguschp275vm/artifactory/repo/org/sonatype/forge/forge-parent/4/forge-parent-4.pom
2015-08-17 16:46:39,222 [New I/O client worker #28-1] INFO  o.e.m.c.i.e.AbstractTransferListenerAdapter - Downloaded http://cguschp275vm/artifactory/repo/org/sonatype/forge/forge-parent/4/forge-parent-4.pom
2015-08-17 16:46:40,299 [ModalContext] INFO  c.n.h.c.p.n.NettyAsyncHttpProvider - Number of application's worked threads is 2
2015-08-17 16:46:41,703 [New I/O client worker #29-1] INFO  o.e.m.c.i.e.AbstractTransferListenerAdapter - Downloading http://cguschp275vm/artifactory/repo/org/sonatype/plexus/plexus-cipher/1.4/plexus-cipher-1.4.pom
2015-08-17 16:46:41,906 [New I/O client worker #29-1] INFO  o.e.m.c.i.e.AbstractTransferListenerAdapter - Downloaded http://cguschp275vm/artifactory/repo/org/sonatype/plexus/plexus-cipher/1.4/plexus-cipher-1.4.pom
2015-08-17 16:46:42,327 [ModalContext] INFO  c.n.h.c.p.n.NettyAsyncHttpProvider - Number of application's worked threads is 2
2015-08-17 16:46:44,136 [New I/O client worker #30-1] INFO  o.e.m.c.i.e.AbstractTransferListenerAdapter - Downloading http://cguschp275vm/artifactory/repo/org/apache/maven/maven-toolchain/2.2.1/maven-toolchain-2.2.1.pom
2015-08-17 16:46:44,136 [New I/O client worker #30-1] INFO  o.e.m.c.i.e.AbstractTransferListenerAdapter - Downloaded http://cguschp275vm/artifactory/repo/org/apache/maven/maven-toolchain/2.2.1/maven-toolchain-2.2.1.pom
2015-08-17 16:46:44,729 [ModalContext] INFO  c.n.h.c.p.n.NettyAsyncHttpProvider - Number of application's worked threads is 2
2015-08-17 16:46:46,289 [New I/O client worker #31-1] INFO  o.e.m.c.i.e.AbstractTransferListenerAdapter - Downloading http://cguschp275vm/artifactory/repo/org/apache/maven/reporting/maven-reporting-api/2.2.1/maven-reporting-api-2.2.1.pom
2015-08-17 16:46:46,289 [New I/O client worker #31-1] INFO  o.e.m.c.i.e.AbstractTransferListenerAdapter - Downloaded http://cguschp275vm/artifactory/repo/org/apache/maven/reporting/maven-reporting-api/2.2.1/maven-reporting-api-2.2.1.pom
2015-08-17 16:46:47,132 [ModalContext] INFO  c.n.h.c.p.n.NettyAsyncHttpProvider - Number of application's worked threads is 2
2015-08-17 16:46:47,896 [New I/O client worker #32-1] INFO  o.e.m.c.i.e.AbstractTransferListenerAdapter - Downloading http://cguschp275vm/artifactory/repo/org/apache/maven/reporting/maven-reporting/2.2.1/maven-reporting-2.2.1.pom
2015-08-17 16:46:47,896 [New I/O client worker #32-1] INFO  o.e.m.c.i.e.AbstractTransferListenerAdapter - Downloaded http://cguschp275vm/artifactory/repo/org/apache/maven/reporting/maven-reporting/2.2.1/maven-reporting-2.2.1.pom
2015-08-17 16:46:50,065 [ModalContext] INFO  c.n.h.c.p.n.NettyAsyncHttpProvider - Number of application's worked threads is 2
2015-08-17 16:46:50,798 [New I/O client worker #33-1] INFO  o.e.m.c.i.e.AbstractTransferListenerAdapter - Downloading http://cguschp275vm/artifactory/repo/org/apache/maven/doxia/doxia-sink-api/1.1/doxia-sink-api-1.1.pom
2015-08-17 16:46:50,798 [New I/O client worker #33-1] INFO  o.e.m.c.i.e.AbstractTransferListenerAdapter - Downloaded http://cguschp275vm/artifactory/repo/org/apache/maven/doxia/doxia-sink-api/1.1/doxia-sink-api-1.1.pom
2015-08-17 16:46:52,046 [ModalContext] INFO  c.n.h.c.p.n.NettyAsyncHttpProvider - Number of application's worked threads is 2
2015-08-17 16:46:52,529 [New I/O client worker #34-1] INFO  o.e.m.c.i.e.AbstractTransferListenerAdapter - Downloading http://cguschp275vm/artifactory/repo/org/apache/maven/doxia/doxia/1.1/doxia-1.1.pom
2015-08-17 16:46:52,529 [New I/O client worker #34-1] INFO  o.e.m.c.i.e.AbstractTransferListenerAdapter - Downloaded http://cguschp275vm/artifactory/repo/org/apache/maven/doxia/doxia/1.1/doxia-1.1.pom
2015-08-17 16:46:52,951 [ModalContext] INFO  c.n.h.c.p.n.NettyAsyncHttpProvider - Number of application's worked threads is 2
2015-08-17 16:46:53,762 [New I/O client worker #35-1] INFO  o.e.m.c.i.e.AbstractTransferListenerAdapter - Downloading http://cguschp275vm/artifactory/repo/org/apache/maven/doxia/doxia-logging-api/1.1/doxia-logging-api-1.1.pom
2015-08-17 16:46:53,762 [New I/O client worker #35-1] INFO  o.e.m.c.i.e.AbstractTransferListenerAdapter - Downloaded http://cguschp275vm/artifactory/repo/org/apache/maven/doxia/doxia-logging-api/1.1/doxia-logging-api-1.1.pom
2015-08-17 16:46:54,760 [ModalContext] INFO  c.n.h.c.p.n.NettyAsyncHttpProvider - Number of application's worked threads is 2
2015-08-17 16:46:55,228 [New I/O client worker #36-1] INFO  o.e.m.c.i.e.AbstractTransferListenerAdapter - Downloading http://cguschp275vm/artifactory/repo/org/codehaus/plexus/plexus-classworlds/1.2-alpha-9/plexus-classworlds-1.2-alpha-9.pom
2015-08-17 16:46:55,228 [New I/O client worker #36-1] INFO  o.e.m.c.i.e.AbstractTransferListenerAdapter - Downloaded http://cguschp275vm/artifactory/repo/org/codehaus/plexus/plexus-classworlds/1.2-alpha-9/plexus-classworlds-1.2-alpha-9.pom
2015-08-17 16:46:57,069 [ModalContext] INFO  c.n.h.c.p.n.NettyAsyncHttpProvider - Number of application's worked threads is 2
2015-08-17 16:46:58,161 [New I/O client worker #37-1] INFO  o.e.m.c.i.e.AbstractTransferListenerAdapter - Downloading http://cguschp275vm/artifactory/repo/commons-cli/commons-cli/1.2/commons-cli-1.2.pom
2015-08-17 16:46:58,177 [New I/O client worker #37-1] INFO  o.e.m.c.i.e.AbstractTransferListenerAdapter - Downloaded http://cguschp275vm/artifactory/repo/commons-cli/commons-cli/1.2/commons-cli-1.2.pom
2015-08-17 16:47:00,252 [ModalContext] INFO  c.n.h.c.p.n.NettyAsyncHttpProvider - Number of application's worked threads is 2
2015-08-17 16:47:00,657 [New I/O client worker #38-1] INFO  o.e.m.c.i.e.AbstractTransferListenerAdapter - Downloading http://cguschp275vm/artifactory/repo/org/apache/maven/shared/maven-shared-utils/0.7/maven-shared-utils-0.7.pom
2015-08-17 16:47:00,657 [New I/O client worker #38-1] INFO  o.e.m.c.i.e.AbstractTransferListenerAdapter - Downloaded http://cguschp275vm/artifactory/repo/org/apache/maven/shared/maven-shared-utils/0.7/maven-shared-utils-0.7.pom
2015-08-17 16:47:01,702 [ModalContext] INFO  c.n.h.c.p.n.NettyAsyncHttpProvider - Number of application's worked threads is 2
2015-08-17 16:47:02,186 [New I/O client worker #39-1] INFO  o.e.m.c.i.e.AbstractTransferListenerAdapter - Downloading http://cguschp275vm/artifactory/repo/org/apache/maven/shared/maven-shared-components/20/maven-shared-components-20.pom
2015-08-17 16:47:02,186 [New I/O client worker #39-1] INFO  o.e.m.c.i.e.AbstractTransferListenerAdapter - Downloaded http://cguschp275vm/artifactory/repo/org/apache/maven/shared/maven-shared-components/20/maven-shared-components-20.pom
2015-08-17 16:47:03,184 [ModalContext] INFO  c.n.h.c.p.n.NettyAsyncHttpProvider - Number of application's worked threads is 2
2015-08-17 16:47:03,652 [New I/O client worker #40-1] INFO  o.e.m.c.i.e.AbstractTransferListenerAdapter - Downloading http://cguschp275vm/artifactory/repo/org/apache/maven/maven-parent/24/maven-parent-24.pom
2015-08-17 16:47:03,652 [New I/O client worker #40-1] INFO  o.e.m.c.i.e.AbstractTransferListenerAdapter - Downloaded http://cguschp275vm/artifactory/repo/org/apache/maven/maven-parent/24/maven-parent-24.pom
2015-08-17 16:47:04,495 [ModalContext] INFO  c.n.h.c.p.n.NettyAsyncHttpProvider - Number of application's worked threads is 2
2015-08-17 16:47:05,181 [New I/O client worker #41-1] INFO  o.e.m.c.i.e.AbstractTransferListenerAdapter - Downloading http://cguschp275vm/artifactory/repo/org/apache/apache/14/apache-14.pom
2015-08-17 16:47:05,181 [New I/O client worker #41-1] INFO  o.e.m.c.i.e.AbstractTransferListenerAdapter - Downloaded http://cguschp275vm/artifactory/repo/org/apache/apache/14/apache-14.pom
2015-08-17 16:47:05,618 [ModalContext] INFO  c.n.h.c.p.n.NettyAsyncHttpProvider - Number of application's worked threads is 2
2015-08-17 16:47:06,305 [New I/O client worker #42-1] INFO  o.e.m.c.i.e.AbstractTransferListenerAdapter - Downloading http://cguschp275vm/artifactory/repo/com/google/code/findbugs/jsr305/2.0.1/jsr305-2.0.1.pom
2015-08-17 16:47:06,320 [New I/O client worker #42-1] INFO  o.e.m.c.i.e.AbstractTransferListenerAdapter - Downloaded http://cguschp275vm/artifactory/repo/com/google/code/findbugs/jsr305/2.0.1/jsr305-2.0.1.pom
2015-08-17 16:47:07,350 [ModalContext] INFO  c.n.h.c.p.n.NettyAsyncHttpProvider - Number of application's worked threads is 2
2015-08-17 16:47:07,631 [New I/O client worker #43-1] INFO  o.e.m.c.i.e.AbstractTransferListenerAdapter - Downloading http://cguschp275vm/artifactory/repo/org/apache/maven/shared/maven-shared-incremental/1.1/maven-shared-incremental-1.1.pom
2015-08-17 16:47:07,631 [New I/O client worker #43-1] INFO  o.e.m.c.i.e.AbstractTransferListenerAdapter - Downloaded http://cguschp275vm/artifactory/repo/org/apache/maven/shared/maven-shared-incremental/1.1/maven-shared-incremental-1.1.pom
2015-08-17 16:47:08,879 [ModalContext] INFO  c.n.h.c.p.n.NettyAsyncHttpProvider - Number of application's worked threads is 2
2015-08-17 16:47:09,783 [New I/O client worker #44-1] INFO  o.e.m.c.i.e.AbstractTransferListenerAdapter - Downloading http://cguschp275vm/artifactory/repo/org/apache/maven/shared/maven-shared-components/19/maven-shared-components-19.pom
2015-08-17 16:47:09,783 [New I/O client worker #44-1] INFO  o.e.m.c.i.e.AbstractTransferListenerAdapter - Downloaded http://cguschp275vm/artifactory/repo/org/apache/maven/shared/maven-shared-components/19/maven-shared-components-19.pom
2015-08-17 16:47:10,189 [ModalContext] INFO  c.n.h.c.p.n.NettyAsyncHttpProvider - Number of application's worked threads is 2
2015-08-17 16:47:10,579 [New I/O client worker #45-1] INFO  o.e.m.c.i.e.AbstractTransferListenerAdapter - Downloading http://cguschp275vm/artifactory/repo/org/apache/maven/maven-parent/23/maven-parent-23.pom
2015-08-17 16:47:10,595 [New I/O client worker #45-1] INFO  o.e.m.c.i.e.AbstractTransferListenerAdapter - Downloaded http://cguschp275vm/artifactory/repo/org/apache/maven/maven-parent/23/maven-parent-23.pom
2015-08-17 16:47:11,499 [ModalContext] INFO  c.n.h.c.p.n.NettyAsyncHttpProvider - Number of application's worked threads is 2
2015-08-17 16:47:11,905 [New I/O client worker #46-1] INFO  o.e.m.c.i.e.AbstractTransferListenerAdapter - Downloading http://cguschp275vm/artifactory/repo/org/apache/apache/13/apache-13.pom
2015-08-17 16:47:11,905 [New I/O client worker #46-1] INFO  o.e.m.c.i.e.AbstractTransferListenerAdapter - Downloaded http://cguschp275vm/artifactory/repo/org/apache/apache/13/apache-13.pom
2015-08-17 16:47:12,045 [ModalContext] INFO  c.n.h.c.p.n.NettyAsyncHttpProvider - Number of application's worked threads is 2
2015-08-17 16:47:12,545 [New I/O client worker #47-1] INFO  o.e.m.c.i.e.AbstractTransferListenerAdapter - Downloading http://cguschp275vm/artifactory/repo/org/apache/maven/shared/maven-shared-utils/0.1/maven-shared-utils-0.1.pom
2015-08-17 16:47:12,545 [New I/O client worker #47-1] INFO  o.e.m.c.i.e.AbstractTransferListenerAdapter - Downloaded http://cguschp275vm/artifactory/repo/org/apache/maven/shared/maven-shared-utils/0.1/maven-shared-utils-0.1.pom
2015-08-17 16:47:12,623 [ModalContext] INFO  c.n.h.c.p.n.NettyAsyncHttpProvider - Number of application's worked threads is 2
2015-08-17 16:47:13,075 [New I/O client worker #48-1] INFO  o.e.m.c.i.e.AbstractTransferListenerAdapter - Downloading http://cguschp275vm/artifactory/repo/org/apache/maven/shared/maven-shared-components/18/maven-shared-components-18.pom
2015-08-17 16:47:13,075 [New I/O client worker #48-1] INFO  o.e.m.c.i.e.AbstractTransferListenerAdapter - Downloaded http://cguschp275vm/artifactory/repo/org/apache/maven/shared/maven-shared-components/18/maven-shared-components-18.pom
2015-08-17 16:47:13,496 [ModalContext] INFO  c.n.h.c.p.n.NettyAsyncHttpProvider - Number of application's worked threads is 2
2015-08-17 16:47:13,995 [New I/O client worker #49-1] INFO  o.e.m.c.i.e.AbstractTransferListenerAdapter - Downloading http://cguschp275vm/artifactory/repo/org/apache/maven/maven-parent/22/maven-parent-22.pom
2015-08-17 16:47:14,011 [New I/O client worker #49-1] INFO  o.e.m.c.i.e.AbstractTransferListenerAdapter - Downloaded http://cguschp275vm/artifactory/repo/org/apache/maven/maven-parent/22/maven-parent-22.pom
2015-08-17 16:47:14,822 [ModalContext] INFO  c.n.h.c.p.n.NettyAsyncHttpProvider - Number of application's worked threads is 2
2015-08-17 16:47:15,321 [New I/O client worker #50-1] INFO  o.e.m.c.i.e.AbstractTransferListenerAdapter - Downloading http://cguschp275vm/artifactory/repo/org/apache/apache/11/apache-11.pom
2015-08-17 16:47:15,321 [New I/O client worker #50-1] INFO  o.e.m.c.i.e.AbstractTransferListenerAdapter - Downloaded http://cguschp275vm/artifactory/repo/org/apache/apache/11/apache-11.pom
2015-08-17 16:47:16,226 [ModalContext] INFO  c.n.h.c.p.n.NettyAsyncHttpProvider - Number of application's worked threads is 2
2015-08-17 16:47:17,755 [New I/O client worker #51-1] INFO  o.e.m.c.i.e.AbstractTransferListenerAdapter - Downloading http://cguschp275vm/artifactory/repo/org/codehaus/plexus/plexus-compiler-api/2.5/plexus-compiler-api-2.5.pom
2015-08-17 16:47:17,755 [New I/O client worker #51-1] INFO  o.e.m.c.i.e.AbstractTransferListenerAdapter - Downloaded http://cguschp275vm/artifactory/repo/org/codehaus/plexus/plexus-compiler-api/2.5/plexus-compiler-api-2.5.pom
2015-08-17 16:47:18,145 [ModalContext] INFO  c.n.h.c.p.n.NettyAsyncHttpProvider - Number of application's worked threads is 2
2015-08-17 16:47:20,470 [New I/O client worker #52-1] INFO  o.e.m.c.i.e.AbstractTransferListenerAdapter - Downloading http://cguschp275vm/artifactory/repo/org/codehaus/plexus/plexus-compiler/2.5/plexus-compiler-2.5.pom
2015-08-17 16:47:20,470 [New I/O client worker #52-1] INFO  o.e.m.c.i.e.AbstractTransferListenerAdapter - Downloaded http://cguschp275vm/artifactory/repo/org/codehaus/plexus/plexus-compiler/2.5/plexus-compiler-2.5.pom
2015-08-17 16:47:21,359 [ModalContext] INFO  c.n.h.c.p.n.NettyAsyncHttpProvider - Number of application's worked threads is 2
2015-08-17 16:47:22,030 [New I/O client worker #53-1] INFO  o.e.m.c.i.e.AbstractTransferListenerAdapter - Downloading http://cguschp275vm/artifactory/repo/org/codehaus/plexus/plexus-components/1.3.1/plexus-components-1.3.1.pom
2015-08-17 16:47:22,030 [New I/O client worker #53-1] INFO  o.e.m.c.i.e.AbstractTransferListenerAdapter - Downloaded http://cguschp275vm/artifactory/repo/org/codehaus/plexus/plexus-components/1.3.1/plexus-components-1.3.1.pom
2015-08-17 16:47:23,402 [ModalContext] INFO  c.n.h.c.p.n.NettyAsyncHttpProvider - Number of application's worked threads is 2
2015-08-17 16:47:23,948 [New I/O client worker #54-1] INFO  o.e.m.c.i.e.AbstractTransferListenerAdapter - Downloading http://cguschp275vm/artifactory/repo/org/codehaus/plexus/plexus/3.3.1/plexus-3.3.1.pom
2015-08-17 16:47:23,948 [New I/O client worker #54-1] INFO  o.e.m.c.i.e.AbstractTransferListenerAdapter - Downloaded http://cguschp275vm/artifactory/repo/org/codehaus/plexus/plexus/3.3.1/plexus-3.3.1.pom
2015-08-17 16:47:24,838 [ModalContext] INFO  c.n.h.c.p.n.NettyAsyncHttpProvider - Number of application's worked threads is 2
2015-08-17 16:47:25,290 [New I/O client worker #55-1] INFO  o.e.m.c.i.e.AbstractTransferListenerAdapter - Downloading http://cguschp275vm/artifactory/repo/org/codehaus/plexus/plexus-utils/3.0.10/plexus-utils-3.0.10.pom
2015-08-17 16:47:25,290 [New I/O client worker #55-1] INFO  o.e.m.c.i.e.AbstractTransferListenerAdapter - Downloaded http://cguschp275vm/artifactory/repo/org/codehaus/plexus/plexus-utils/3.0.10/plexus-utils-3.0.10.pom
2015-08-17 16:47:25,898 [ModalContext] INFO  c.n.h.c.p.n.NettyAsyncHttpProvider - Number of application's worked threads is 2
2015-08-17 16:47:26,507 [New I/O client worker #56-1] INFO  o.e.m.c.i.e.AbstractTransferListenerAdapter - Downloading http://cguschp275vm/artifactory/repo/org/codehaus/plexus/plexus/3.3/plexus-3.3.pom
2015-08-17 16:47:26,507 [New I/O client worker #56-1] INFO  o.e.m.c.i.e.AbstractTransferListenerAdapter - Downloaded http://cguschp275vm/artifactory/repo/org/codehaus/plexus/plexus/3.3/plexus-3.3.pom
2015-08-17 16:47:27,427 [ModalContext] INFO  c.n.h.c.p.n.NettyAsyncHttpProvider - Number of application's worked threads is 2
2015-08-17 16:47:28,909 [New I/O client worker #57-1] INFO  o.e.m.c.i.e.AbstractTransferListenerAdapter - Downloading http://cguschp275vm/artifactory/repo/org/codehaus/plexus/plexus-compiler-manager/2.5/plexus-compiler-manager-2.5.pom
2015-08-17 16:47:28,909 [New I/O client worker #57-1] INFO  o.e.m.c.i.e.AbstractTransferListenerAdapter - Downloaded http://cguschp275vm/artifactory/repo/org/codehaus/plexus/plexus-compiler-manager/2.5/plexus-compiler-manager-2.5.pom
2015-08-17 16:47:29,221 [ModalContext] INFO  c.n.h.c.p.n.NettyAsyncHttpProvider - Number of application's worked threads is 2
2015-08-17 16:47:30,750 [New I/O client worker #58-1] INFO  o.e.m.c.i.e.AbstractTransferListenerAdapter - Downloading http://cguschp275vm/artifactory/repo/org/codehaus/plexus/plexus-compiler-javac/2.5/plexus-compiler-javac-2.5.pom
2015-08-17 16:47:30,750 [New I/O client worker #58-1] INFO  o.e.m.c.i.e.AbstractTransferListenerAdapter - Downloaded http://cguschp275vm/artifactory/repo/org/codehaus/plexus/plexus-compiler-javac/2.5/plexus-compiler-javac-2.5.pom
2015-08-17 16:47:31,405 [ModalContext] INFO  c.n.h.c.p.n.NettyAsyncHttpProvider - Number of application's worked threads is 2
2015-08-17 16:47:33,153 [New I/O client worker #59-1] INFO  o.e.m.c.i.e.AbstractTransferListenerAdapter - Downloading http://cguschp275vm/artifactory/repo/org/codehaus/plexus/plexus-compilers/2.5/plexus-compilers-2.5.pom
2015-08-17 16:47:33,153 [New I/O client worker #59-1] INFO  o.e.m.c.i.e.AbstractTransferListenerAdapter - Downloaded http://cguschp275vm/artifactory/repo/org/codehaus/plexus/plexus-compilers/2.5/plexus-compilers-2.5.pom
2015-08-17 16:47:34,213 [ModalContext] INFO  c.n.h.c.p.n.NettyAsyncHttpProvider - Number of application's worked threads is 2
2015-08-17 16:47:34,915 [New I/O client worker #60-1] INFO  o.e.m.c.i.e.AbstractTransferListenerAdapter - Downloading http://cguschp275vm/artifactory/repo/org/codehaus/plexus/plexus-container-default/1.5.5/plexus-container-default-1.5.5.pom
2015-08-17 16:47:34,915 [New I/O client worker #60-1] INFO  o.e.m.c.i.e.AbstractTransferListenerAdapter - Downloaded http://cguschp275vm/artifactory/repo/org/codehaus/plexus/plexus-container-default/1.5.5/plexus-container-default-1.5.5.pom
2015-08-17 16:47:35,789 [ModalContext] INFO  c.n.h.c.p.n.NettyAsyncHttpProvider - Number of application's worked threads is 2
2015-08-17 16:47:36,241 [New I/O client worker #61-1] INFO  o.e.m.c.i.e.AbstractTransferListenerAdapter - Downloading http://cguschp275vm/artifactory/repo/org/codehaus/plexus/plexus-classworlds/2.2.2/plexus-classworlds-2.2.2.pom
2015-08-17 16:47:36,241 [New I/O client worker #61-1] INFO  o.e.m.c.i.e.AbstractTransferListenerAdapter - Downloaded http://cguschp275vm/artifactory/repo/org/codehaus/plexus/plexus-classworlds/2.2.2/plexus-classworlds-2.2.2.pom
2015-08-17 16:47:37,334 [ModalContext] INFO  c.n.h.c.p.n.NettyAsyncHttpProvider - Number of application's worked threads is 2
2015-08-17 16:47:37,802 [New I/O client worker #62-1] INFO  o.e.m.c.i.e.AbstractTransferListenerAdapter - Downloading http://cguschp275vm/artifactory/repo/org/apache/xbean/xbean-reflect/3.4/xbean-reflect-3.4.pom
2015-08-17 16:47:37,802 [New I/O client worker #62-1] INFO  o.e.m.c.i.e.AbstractTransferListenerAdapter - Downloaded http://cguschp275vm/artifactory/repo/org/apache/xbean/xbean-reflect/3.4/xbean-reflect-3.4.pom
2015-08-17 16:47:38,847 [ModalContext] INFO  c.n.h.c.p.n.NettyAsyncHttpProvider - Number of application's worked threads is 2
2015-08-17 16:47:39,237 [New I/O client worker #63-1] INFO  o.e.m.c.i.e.AbstractTransferListenerAdapter - Downloading http://cguschp275vm/artifactory/repo/org/apache/xbean/xbean/3.4/xbean-3.4.pom
2015-08-17 16:47:39,237 [New I/O client worker #63-1] INFO  o.e.m.c.i.e.AbstractTransferListenerAdapter - Downloaded http://cguschp275vm/artifactory/repo/org/apache/xbean/xbean/3.4/xbean-3.4.pom
2015-08-17 16:47:39,330 [ModalContext] INFO  c.n.h.c.p.n.NettyAsyncHttpProvider - Number of application's worked threads is 2
2015-08-17 16:47:40,048 [New I/O client worker #64-1] INFO  o.e.m.c.i.e.AbstractTransferListenerAdapter - Downloading http://cguschp275vm/artifactory/repo/commons-logging/commons-logging-api/1.1/commons-logging-api-1.1.pom
2015-08-17 16:47:40,048 [New I/O client worker #64-1] INFO  o.e.m.c.i.e.AbstractTransferListenerAdapter - Downloaded http://cguschp275vm/artifactory/repo/commons-logging/commons-logging-api/1.1/commons-logging-api-1.1.pom
2015-08-17 16:47:41,280 [ModalContext] INFO  c.n.h.c.p.n.NettyAsyncHttpProvider - Number of application's worked threads is 2
2015-08-17 16:47:41,546 [New I/O client worker #65-1] INFO  o.e.m.c.i.e.AbstractTransferListenerAdapter - Downloading http://cguschp275vm/artifactory/repo/com/google/collections/google-collections/1.0/google-collections-1.0.pom
2015-08-17 16:47:41,546 [New I/O client worker #65-1] INFO  o.e.m.c.i.e.AbstractTransferListenerAdapter - Downloaded http://cguschp275vm/artifactory/repo/com/google/collections/google-collections/1.0/google-collections-1.0.pom
2015-08-17 16:47:41,733 [ModalContext] INFO  c.n.h.c.p.n.NettyAsyncHttpProvider - Number of application's worked threads is 2
2015-08-17 16:47:42,216 [New I/O client worker #66-1] INFO  o.e.m.c.i.e.AbstractTransferListenerAdapter - Downloading http://cguschp275vm/artifactory/repo/com/google/google/1/google-1.pom
2015-08-17 16:47:42,216 [New I/O client worker #66-1] INFO  o.e.m.c.i.e.AbstractTransferListenerAdapter - Downloaded http://cguschp275vm/artifactory/repo/com/google/google/1/google-1.pom
2015-08-17 16:47:43,527 [ModalContext] INFO  c.n.h.c.p.n.NettyAsyncHttpProvider - Number of application's worked threads is 2
2015-08-17 16:47:44,198 [New I/O client worker #67-1] INFO  o.e.m.c.i.e.AbstractTransferListenerAdapter - Downloading http://cguschp275vm/artifactory/repo/org/codehaus/plexus/plexus-compiler-manager/2.5/plexus-compiler-manager-2.5.jar
2015-08-17 16:47:44,213 [New I/O client worker #67-1] INFO  o.e.m.c.i.e.AbstractTransferListenerAdapter - Downloaded http://cguschp275vm/artifactory/repo/org/codehaus/plexus/plexus-compiler-manager/2.5/plexus-compiler-manager-2.5.jar
2015-08-17 16:47:44,260 [New I/O client worker #67-2] INFO  o.e.m.c.i.e.AbstractTransferListenerAdapter - Downloading http://cguschp275vm/artifactory/repo/org/codehaus/plexus/plexus-compiler-api/2.5/plexus-compiler-api-2.5.jar
2015-08-17 16:47:44,260 [New I/O client worker #67-2] INFO  o.e.m.c.i.e.AbstractTransferListenerAdapter - Downloaded http://cguschp275vm/artifactory/repo/org/codehaus/plexus/plexus-compiler-api/2.5/plexus-compiler-api-2.5.jar
2015-08-17 16:47:44,307 [New I/O client worker #67-1] INFO  o.e.m.c.i.e.AbstractTransferListenerAdapter - Downloading http://cguschp275vm/artifactory/repo/org/apache/maven/shared/maven-shared-incremental/1.1/maven-shared-incremental-1.1.jar
2015-08-17 16:47:44,322 [New I/O client worker #67-2] INFO  o.e.m.c.i.e.AbstractTransferListenerAdapter - Downloading http://cguschp275vm/artifactory/repo/org/sonatype/plexus/plexus-cipher/1.4/plexus-cipher-1.4.jar
2015-08-17 16:47:44,338 [New I/O client worker #67-1] INFO  o.e.m.c.i.e.AbstractTransferListenerAdapter - Downloaded http://cguschp275vm/artifactory/repo/org/apache/maven/shared/maven-shared-incremental/1.1/maven-shared-incremental-1.1.jar
2015-08-17 16:47:44,338 [New I/O client worker #67-2] INFO  o.e.m.c.i.e.AbstractTransferListenerAdapter - Downloaded http://cguschp275vm/artifactory/repo/org/sonatype/plexus/plexus-cipher/1.4/plexus-cipher-1.4.jar
2015-08-17 16:47:44,416 [New I/O client worker #67-1] INFO  o.e.m.c.i.e.AbstractTransferListenerAdapter - Downloading http://cguschp275vm/artifactory/repo/commons-logging/commons-logging-api/1.1/commons-logging-api-1.1.jar
2015-08-17 16:47:44,416 [New I/O client worker #67-1] INFO  o.e.m.c.i.e.AbstractTransferListenerAdapter - Downloading http://cguschp275vm/artifactory/repo/org/apache/maven/shared/maven-shared-utils/0.7/maven-shared-utils-0.7.jar
2015-08-17 16:47:44,416 [New I/O client worker #67-1] INFO  o.e.m.c.i.e.AbstractTransferListenerAdapter - Downloading http://cguschp275vm/artifactory/repo/org/apache/xbean/xbean-reflect/3.4/xbean-reflect-3.4.jar
2015-08-17 16:47:44,416 [New I/O client worker #67-1] INFO  o.e.m.c.i.e.AbstractTransferListenerAdapter - Downloading http://cguschp275vm/artifactory/repo/org/codehaus/plexus/plexus-utils/1.5.15/plexus-utils-1.5.15.jar
2015-08-17 16:47:44,416 [New I/O client worker #67-1] INFO  o.e.m.c.i.e.AbstractTransferListenerAdapter - Downloading http://cguschp275vm/artifactory/repo/org/sonatype/plexus/plexus-sec-dispatcher/1.3/plexus-sec-dispatcher-1.3.jar
2015-08-17 16:47:44,416 [New I/O client worker #67-1] INFO  o.e.m.c.i.e.AbstractTransferListenerAdapter - Downloading http://cguschp275vm/artifactory/repo/org/slf4j/slf4j-jdk14/1.5.6/slf4j-jdk14-1.5.6.jar
2015-08-17 16:47:44,447 [New I/O client worker #67-2] INFO  o.e.m.c.i.e.AbstractTransferListenerAdapter - Downloading http://cguschp275vm/artifactory/repo/org/slf4j/jcl-over-slf4j/1.5.6/jcl-over-slf4j-1.5.6.jar
2015-08-17 16:47:44,447 [New I/O client worker #67-2] INFO  o.e.m.c.i.e.AbstractTransferListenerAdapter - Downloading http://cguschp275vm/artifactory/repo/org/codehaus/plexus/plexus-interpolation/1.11/plexus-interpolation-1.11.jar
2015-08-17 16:47:44,447 [New I/O client worker #67-2] INFO  o.e.m.c.i.e.AbstractTransferListenerAdapter - Downloading http://cguschp275vm/artifactory/repo/com/google/collections/google-collections/1.0/google-collections-1.0.jar
2015-08-17 16:47:44,447 [New I/O client worker #67-2] INFO  o.e.m.c.i.e.AbstractTransferListenerAdapter - Downloading http://cguschp275vm/artifactory/repo/com/google/code/findbugs/jsr305/2.0.1/jsr305-2.0.1.jar
2015-08-17 16:47:44,447 [New I/O client worker #67-1] INFO  o.e.m.c.i.e.AbstractTransferListenerAdapter - Downloaded http://cguschp275vm/artifactory/repo/org/slf4j/slf4j-jdk14/1.5.6/slf4j-jdk14-1.5.6.jar
2015-08-17 16:47:44,447 [New I/O client worker #67-2] INFO  o.e.m.c.i.e.AbstractTransferListenerAdapter - Downloaded http://cguschp275vm/artifactory/repo/org/slf4j/jcl-over-slf4j/1.5.6/jcl-over-slf4j-1.5.6.jar
2015-08-17 16:47:44,447 [New I/O client worker #67-1] INFO  o.e.m.c.i.e.AbstractTransferListenerAdapter - Downloaded http://cguschp275vm/artifactory/repo/org/sonatype/plexus/plexus-sec-dispatcher/1.3/plexus-sec-dispatcher-1.3.jar
2015-08-17 16:47:44,447 [New I/O client worker #67-1] INFO  o.e.m.c.i.e.AbstractTransferListenerAdapter - Downloaded http://cguschp275vm/artifactory/repo/commons-logging/commons-logging-api/1.1/commons-logging-api-1.1.jar
2015-08-17 16:47:44,447 [New I/O client worker #67-1] INFO  o.e.m.c.i.e.AbstractTransferListenerAdapter - Downloaded http://cguschp275vm/artifactory/repo/org/apache/xbean/xbean-reflect/3.4/xbean-reflect-3.4.jar
2015-08-17 16:47:44,447 [New I/O client worker #67-1] INFO  o.e.m.c.i.e.AbstractTransferListenerAdapter - Downloaded http://cguschp275vm/artifactory/repo/org/apache/maven/shared/maven-shared-utils/0.7/maven-shared-utils-0.7.jar
2015-08-17 16:47:44,447 [New I/O client worker #67-1] INFO  o.e.m.c.i.e.AbstractTransferListenerAdapter - Downloaded http://cguschp275vm/artifactory/repo/org/codehaus/plexus/plexus-utils/1.5.15/plexus-utils-1.5.15.jar
2015-08-17 16:47:45,368 [New I/O client worker #67-2] INFO  o.e.m.c.i.e.AbstractTransferListenerAdapter - Downloading http://cguschp275vm/artifactory/repo/log4j/log4j/1.2.12/log4j-1.2.12.jar
2015-08-17 16:47:45,368 [New I/O client worker #67-2] INFO  o.e.m.c.i.e.AbstractTransferListenerAdapter - Downloading http://cguschp275vm/artifactory/repo/org/codehaus/plexus/plexus-compiler-javac/2.5/plexus-compiler-javac-2.5.jar
2015-08-17 16:47:45,368 [New I/O client worker #67-2] INFO  o.e.m.c.i.e.AbstractTransferListenerAdapter - Downloaded http://cguschp275vm/artifactory/repo/com/google/code/findbugs/jsr305/2.0.1/jsr305-2.0.1.jar
2015-08-17 16:47:45,368 [New I/O client worker #67-2] INFO  o.e.m.c.i.e.AbstractTransferListenerAdapter - Downloaded http://cguschp275vm/artifactory/repo/org/codehaus/plexus/plexus-interpolation/1.11/plexus-interpolation-1.11.jar
2015-08-17 16:47:45,368 [New I/O client worker #67-2] INFO  o.e.m.c.i.e.AbstractTransferListenerAdapter - Downloaded http://cguschp275vm/artifactory/repo/org/codehaus/plexus/plexus-compiler-javac/2.5/plexus-compiler-javac-2.5.jar
2015-08-17 16:47:45,399 [New I/O client worker #67-2] INFO  o.e.m.c.i.e.AbstractTransferListenerAdapter - Downloaded http://cguschp275vm/artifactory/repo/log4j/log4j/1.2.12/log4j-1.2.12.jar
2015-08-17 16:47:45,399 [New I/O client worker #67-2] INFO  o.e.m.c.i.e.AbstractTransferListenerAdapter - Downloaded http://cguschp275vm/artifactory/repo/com/google/collections/google-collections/1.0/google-collections-1.0.jar
2015-08-17 16:48:47,379 [ModalContext] WARN  o.e.m.i.discovery.MavenDiscovery - CatalogItem org.eclipse.m2e.discovery.lifecyclemapping.m2e-egit does not contain lifecycle mapping metadata
2015-08-17 16:48:47,394 [ModalContext] WARN  o.e.m.i.discovery.MavenDiscovery - CatalogItem org.eclipse.m2e.discovery.lifecyclemapping.m2e-subversive does not contain lifecycle mapping metadata
2015-08-17 16:48:47,394 [ModalContext] WARN  o.e.m.i.discovery.MavenDiscovery - CatalogItem org.eclipse.m2e.discovery.lifecyclemapping.m2e-subclipse does not contain lifecycle mapping metadata
2015-08-17 16:49:24,710 [Worker-4] ERROR o.e.m.c.i.i.nexus.NexusIndexManager - Unable to update index for stg-repo-mirror|http://cguschp275vm/artifactory/repo
java.lang.NullPointerException: null
	at org.apache.lucene.store.IndexOutput.writeString(IndexOutput.java:102) ~[lucene-core-2.4.1.jar:2.4.1 750176 - 2009-03-04 21:56:52]
	at org.apache.lucene.index.SegmentInfo.write(SegmentInfo.java:504) ~[lucene-core-2.4.1.jar:2.4.1 750176 - 2009-03-04 21:56:52]
	at org.apache.lucene.index.SegmentInfos.write(SegmentInfos.java:307) ~[lucene-core-2.4.1.jar:2.4.1 750176 - 2009-03-04 21:56:52]
	at org.apache.lucene.index.SegmentInfos.prepareCommit(SegmentInfos.java:761) ~[lucene-core-2.4.1.jar:2.4.1 750176 - 2009-03-04 21:56:52]
	at org.apache.lucene.index.IndexWriter.startCommit(IndexWriter.java:4636) ~[lucene-core-2.4.1.jar:2.4.1 750176 - 2009-03-04 21:56:52]
	at org.apache.lucene.index.IndexWriter.commit(IndexWriter.java:3369) ~[lucene-core-2.4.1.jar:2.4.1 750176 - 2009-03-04 21:56:52]
	at org.apache.lucene.index.IndexWriter.closeInternal(IndexWriter.java:1654) ~[lucene-core-2.4.1.jar:2.4.1 750176 - 2009-03-04 21:56:52]
	at org.apache.lucene.index.IndexWriter.close(IndexWriter.java:1602) ~[lucene-core-2.4.1.jar:2.4.1 750176 - 2009-03-04 21:56:52]
	at org.apache.lucene.index.IndexWriter.close(IndexWriter.java:1578) ~[lucene-core-2.4.1.jar:2.4.1 750176 - 2009-03-04 21:56:52]
	at org.apache.maven.index.context.NexusIndexWriter.close(NexusIndexWriter.java:58) ~[indexer-core-3.1.0.jar:3.1.0]
	at org.apache.maven.index.context.IndexUtils.close(IndexUtils.java:376) ~[indexer-core-3.1.0.jar:3.1.0]
	at org.apache.maven.index.updater.DefaultIndexUpdater.unpackIndexData(DefaultIndexUpdater.java:529) ~[indexer-core-3.1.0.jar:3.1.0]
	at org.apache.maven.index.updater.DefaultIndexUpdater.loadIndexDirectory(DefaultIndexUpdater.java:212) ~[indexer-core-3.1.0.jar:3.1.0]
	at org.apache.maven.index.updater.DefaultIndexUpdater.access$300(DefaultIndexUpdater.java:75) ~[indexer-core-3.1.0.jar:3.1.0]
	at org.apache.maven.index.updater.DefaultIndexUpdater$LuceneIndexAdaptor.setIndexFile(DefaultIndexUpdater.java:645) ~[indexer-core-3.1.0.jar:3.1.0]
	at org.apache.maven.index.updater.DefaultIndexUpdater.fetchAndUpdateIndex(DefaultIndexUpdater.java:829) ~[indexer-core-3.1.0.jar:3.1.0]
	at org.apache.maven.index.updater.DefaultIndexUpdater.fetchAndUpdateIndex(DefaultIndexUpdater.java:156) ~[indexer-core-3.1.0.jar:3.1.0]
	at org.eclipse.m2e.core.internal.index.nexus.NexusIndexManager.updateRemoteIndex(NexusIndexManager.java:1139) [org.eclipse.m2e.core_1.4.0.20130601-0317.jar:na]
	at org.eclipse.m2e.core.internal.index.nexus.NexusIndexManager.updateIndex(NexusIndexManager.java:1083) [org.eclipse.m2e.core_1.4.0.20130601-0317.jar:na]
	at org.eclipse.m2e.core.internal.index.nexus.NexusIndexManager$1.run(NexusIndexManager.java:660) [org.eclipse.m2e.core_1.4.0.20130601-0317.jar:na]
	at org.eclipse.m2e.core.internal.index.nexus.IndexUpdaterJob.run(IndexUpdaterJob.java:72) [org.eclipse.m2e.core_1.4.0.20130601-0317.jar:na]
	at org.eclipse.core.internal.jobs.Worker.run(Worker.java:53) [org.eclipse.core.jobs_3.5.300.v20120912-155018.jar:na]
2015-08-17 16:50:00,731 [Worker-4] INFO  o.e.m.c.i.l.LifecycleMappingFactory - Using org.eclipse.m2e.jdt.JarLifecycleMapping lifecycle mapping for MavenProject: com.appnovation.util:java-url-parser:1.0-SNAPSHOT @ E:\Data\Workspaces\Eclipse\Appnovation\java-url-parser\pom.xml.
2015-08-17 16:50:02,978 [Worker-4] INFO  o.e.m.j.i.AbstractJavaProjectConfigurator - Adding source folder /java-url-parser/src/main/java
2015-08-17 16:50:02,978 [Worker-4] INFO  o.e.m.j.i.AbstractJavaProjectConfigurator - Adding source folder /java-url-parser/src/test/java
2015-08-17 16:50:03,009 [Worker-8] INFO  o.e.m.c.i.l.LifecycleMappingFactory - Using org.eclipse.m2e.jdt.JarLifecycleMapping lifecycle mapping for MavenProject: com.appnovation.util:java-url-parser:1.0-SNAPSHOT @ E:\Data\Workspaces\Eclipse\Appnovation\java-url-parser\pom.xml.
2015-08-17 16:50:03,945 [Worker-4] INFO  o.e.m.c.i.p.ProjectConfigurationManager - Project import completed 5 sec
2015-08-17 16:50:04,366 [Worker-4] INFO  o.e.m.c.i.p.ProjectConfigurationManager - Update started
2015-08-17 16:50:04,366 [Worker-4] INFO  o.e.m.c.i.p.ProjectConfigurationManager - Update completed: 0 sec
2015-08-17 16:50:05,552 [Worker-6] INFO  o.e.m.c.i.l.LifecycleMappingFactory - Using org.eclipse.m2e.jdt.JarLifecycleMapping lifecycle mapping for MavenProject: com.appnovation.util:java-url-parser:1.0-SNAPSHOT @ E:\Data\Workspaces\Eclipse\Appnovation\java-url-parser\pom.xml.
2015-08-17 16:50:06,270 [Worker-8] INFO  o.e.m.c.i.l.LifecycleMappingFactory - Using org.eclipse.m2e.jdt.JarLifecycleMapping lifecycle mapping for MavenProject: com.appnovation.util:java-url-parser:1.0-SNAPSHOT @ E:\Data\Workspaces\Eclipse\Appnovation\java-url-parser\pom.xml.
2015-08-17 16:50:06,379 [Worker-8] WARN  o.e.m.c.i.embedder.EclipseLogger - Using platform encoding (Cp1252 actually) to copy filtered resources, i.e. build is platform dependent!
2015-08-17 16:50:06,379 [Worker-8] INFO  o.e.m.c.i.embedder.EclipseLogger - skip non existing resourceDirectory E:\Data\Workspaces\Eclipse\Appnovation\java-url-parser\src\main\resources
2015-08-17 16:50:06,379 [Worker-8] WARN  o.e.m.c.i.embedder.EclipseLogger - Using platform encoding (Cp1252 actually) to copy filtered resources, i.e. build is platform dependent!
2015-08-17 16:50:06,379 [Worker-8] INFO  o.e.m.c.i.embedder.EclipseLogger - skip non existing resourceDirectory E:\Data\Workspaces\Eclipse\Appnovation\java-url-parser\src\test\resources
2015-08-17 16:50:07,471 [Worker-1] INFO  o.e.m.c.i.l.LifecycleMappingFactory - Using org.eclipse.m2e.jdt.JarLifecycleMapping lifecycle mapping for MavenProject: com.appnovation.util:java-url-parser:1.0-SNAPSHOT @ E:\Data\Workspaces\Eclipse\Appnovation\java-url-parser\pom.xml.
2015-08-17 16:50:07,752 [Worker-10] WARN  o.e.m.c.i.embedder.EclipseLogger - Using platform encoding (Cp1252 actually) to copy filtered resources, i.e. build is platform dependent!
2015-08-17 16:50:07,752 [Worker-10] INFO  o.e.m.c.i.embedder.EclipseLogger - skip non existing resourceDirectory E:\Data\Workspaces\Eclipse\Appnovation\java-url-parser\src\main\resources
2015-08-17 16:50:07,752 [Worker-10] WARN  o.e.m.c.i.embedder.EclipseLogger - Using platform encoding (Cp1252 actually) to copy filtered resources, i.e. build is platform dependent!
2015-08-17 16:50:07,752 [Worker-10] INFO  o.e.m.c.i.embedder.EclipseLogger - skip non existing resourceDirectory E:\Data\Workspaces\Eclipse\Appnovation\java-url-parser\src\test\resources
2015-08-17 16:58:40,081 [Worker-13] WARN  o.e.m.c.i.embedder.EclipseLogger - Using platform encoding (Cp1252 actually) to copy filtered resources, i.e. build is platform dependent!
2015-08-17 16:58:40,081 [Worker-13] INFO  o.e.m.c.i.embedder.EclipseLogger - skip non existing resourceDirectory E:\Data\Workspaces\Eclipse\Appnovation\java-url-parser\src\main\resources
2015-08-17 16:58:40,081 [Worker-13] WARN  o.e.m.c.i.embedder.EclipseLogger - Using platform encoding (Cp1252 actually) to copy filtered resources, i.e. build is platform dependent!
2015-08-17 16:58:40,081 [Worker-13] INFO  o.e.m.c.i.embedder.EclipseLogger - skip non existing resourceDirectory E:\Data\Workspaces\Eclipse\Appnovation\java-url-parser\src\test\resources
2015-08-17 17:01:40,483 [Worker-13] WARN  o.e.m.c.i.embedder.EclipseLogger - Using platform encoding (Cp1252 actually) to copy filtered resources, i.e. build is platform dependent!
2015-08-17 17:01:40,499 [Worker-13] INFO  o.e.m.c.i.embedder.EclipseLogger - skip non existing resourceDirectory E:\Data\Workspaces\Eclipse\Appnovation\java-url-parser\src\main\resources
2015-08-17 17:01:40,499 [Worker-13] WARN  o.e.m.c.i.embedder.EclipseLogger - Using platform encoding (Cp1252 actually) to copy filtered resources, i.e. build is platform dependent!
2015-08-17 17:01:40,499 [Worker-13] INFO  o.e.m.c.i.embedder.EclipseLogger - skip non existing resourceDirectory E:\Data\Workspaces\Eclipse\Appnovation\java-url-parser\src\test\resources
2015-08-17 17:01:51,341 [Worker-14] WARN  o.e.m.c.i.embedder.EclipseLogger - Using platform encoding (Cp1252 actually) to copy filtered resources, i.e. build is platform dependent!
2015-08-17 17:01:51,341 [Worker-14] INFO  o.e.m.c.i.embedder.EclipseLogger - skip non existing resourceDirectory E:\Data\Workspaces\Eclipse\Appnovation\java-url-parser\src\main\resources
2015-08-17 17:01:51,356 [Worker-14] WARN  o.e.m.c.i.embedder.EclipseLogger - Using platform encoding (Cp1252 actually) to copy filtered resources, i.e. build is platform dependent!
2015-08-17 17:01:51,356 [Worker-14] INFO  o.e.m.c.i.embedder.EclipseLogger - skip non existing resourceDirectory E:\Data\Workspaces\Eclipse\Appnovation\java-url-parser\src\test\resources
2015-08-17 17:02:07,393 [Worker-11] WARN  o.e.m.c.i.embedder.EclipseLogger - Using platform encoding (Cp1252 actually) to copy filtered resources, i.e. build is platform dependent!
2015-08-17 17:02:07,393 [Worker-11] INFO  o.e.m.c.i.embedder.EclipseLogger - skip non existing resourceDirectory E:\Data\Workspaces\Eclipse\Appnovation\java-url-parser\src\main\resources
2015-08-17 17:02:07,393 [Worker-11] WARN  o.e.m.c.i.embedder.EclipseLogger - Using platform encoding (Cp1252 actually) to copy filtered resources, i.e. build is platform dependent!
2015-08-17 17:02:07,393 [Worker-11] INFO  o.e.m.c.i.embedder.EclipseLogger - skip non existing resourceDirectory E:\Data\Workspaces\Eclipse\Appnovation\java-url-parser\src\test\resources
2015-08-17 17:06:23,441 [Worker-15] WARN  o.e.m.c.i.embedder.EclipseLogger - Using platform encoding (Cp1252 actually) to copy filtered resources, i.e. build is platform dependent!
2015-08-17 17:06:23,457 [Worker-15] INFO  o.e.m.c.i.embedder.EclipseLogger - skip non existing resourceDirectory E:\Data\Workspaces\Eclipse\Appnovation\java-url-parser\src\main\resources
2015-08-17 17:06:23,457 [Worker-15] WARN  o.e.m.c.i.embedder.EclipseLogger - Using platform encoding (Cp1252 actually) to copy filtered resources, i.e. build is platform dependent!
2015-08-17 17:06:23,488 [Worker-15] INFO  o.e.m.c.i.embedder.EclipseLogger - skip non existing resourceDirectory E:\Data\Workspaces\Eclipse\Appnovation\java-url-parser\src\test\resources
2015-08-17 17:06:53,784 [Worker-15] WARN  o.e.m.c.i.embedder.EclipseLogger - Using platform encoding (Cp1252 actually) to copy filtered resources, i.e. build is platform dependent!
2015-08-17 17:06:53,799 [Worker-15] INFO  o.e.m.c.i.embedder.EclipseLogger - skip non existing resourceDirectory E:\Data\Workspaces\Eclipse\Appnovation\java-url-parser\src\main\resources
2015-08-17 17:06:53,799 [Worker-15] WARN  o.e.m.c.i.embedder.EclipseLogger - Using platform encoding (Cp1252 actually) to copy filtered resources, i.e. build is platform dependent!
2015-08-17 17:06:53,799 [Worker-15] INFO  o.e.m.c.i.embedder.EclipseLogger - skip non existing resourceDirectory E:\Data\Workspaces\Eclipse\Appnovation\java-url-parser\src\test\resources
2015-08-17 17:07:24,704 [Worker-15] WARN  o.e.m.c.i.embedder.EclipseLogger - Using platform encoding (Cp1252 actually) to copy filtered resources, i.e. build is platform dependent!
2015-08-17 17:07:24,719 [Worker-15] INFO  o.e.m.c.i.embedder.EclipseLogger - skip non existing resourceDirectory E:\Data\Workspaces\Eclipse\Appnovation\java-url-parser\src\main\resources
2015-08-17 17:07:24,719 [Worker-15] WARN  o.e.m.c.i.embedder.EclipseLogger - Using platform encoding (Cp1252 actually) to copy filtered resources, i.e. build is platform dependent!
2015-08-17 17:07:24,719 [Worker-15] INFO  o.e.m.c.i.embedder.EclipseLogger - skip non existing resourceDirectory E:\Data\Workspaces\Eclipse\Appnovation\java-url-parser\src\test\resources
2015-08-17 17:08:48,602 [Worker-14] WARN  o.e.m.c.i.embedder.EclipseLogger - Using platform encoding (Cp1252 actually) to copy filtered resources, i.e. build is platform dependent!
2015-08-17 17:08:48,618 [Worker-14] INFO  o.e.m.c.i.embedder.EclipseLogger - skip non existing resourceDirectory E:\Data\Workspaces\Eclipse\Appnovation\java-url-parser\src\main\resources
2015-08-17 17:08:48,618 [Worker-14] WARN  o.e.m.c.i.embedder.EclipseLogger - Using platform encoding (Cp1252 actually) to copy filtered resources, i.e. build is platform dependent!
2015-08-17 17:08:48,618 [Worker-14] INFO  o.e.m.c.i.embedder.EclipseLogger - skip non existing resourceDirectory E:\Data\Workspaces\Eclipse\Appnovation\java-url-parser\src\test\resources
2015-08-17 17:22:38,253 [Worker-17] WARN  o.e.m.c.i.embedder.EclipseLogger - Using platform encoding (Cp1252 actually) to copy filtered resources, i.e. build is platform dependent!
2015-08-17 17:22:38,253 [Worker-17] INFO  o.e.m.c.i.embedder.EclipseLogger - skip non existing resourceDirectory E:\Data\Workspaces\Eclipse\Appnovation\java-url-parser\src\main\resources
2015-08-17 17:22:38,268 [Worker-17] WARN  o.e.m.c.i.embedder.EclipseLogger - Using platform encoding (Cp1252 actually) to copy filtered resources, i.e. build is platform dependent!
2015-08-17 17:22:38,268 [Worker-17] INFO  o.e.m.c.i.embedder.EclipseLogger - skip non existing resourceDirectory E:\Data\Workspaces\Eclipse\Appnovation\java-url-parser\src\test\resources
2015-08-17 17:24:41,992 [Worker-19] WARN  o.e.m.c.i.embedder.EclipseLogger - Using platform encoding (Cp1252 actually) to copy filtered resources, i.e. build is platform dependent!
2015-08-17 17:24:42,008 [Worker-19] INFO  o.e.m.c.i.embedder.EclipseLogger - skip non existing resourceDirectory E:\Data\Workspaces\Eclipse\Appnovation\java-url-parser\src\main\resources
2015-08-17 17:24:42,023 [Worker-19] WARN  o.e.m.c.i.embedder.EclipseLogger - Using platform encoding (Cp1252 actually) to copy filtered resources, i.e. build is platform dependent!
2015-08-17 17:24:42,023 [Worker-19] INFO  o.e.m.c.i.embedder.EclipseLogger - skip non existing resourceDirectory E:\Data\Workspaces\Eclipse\Appnovation\java-url-parser\src\test\resources
2015-08-17 17:25:24,429 [Worker-17] WARN  o.e.m.c.i.embedder.EclipseLogger - Using platform encoding (Cp1252 actually) to copy filtered resources, i.e. build is platform dependent!
2015-08-17 17:25:24,429 [Worker-17] INFO  o.e.m.c.i.embedder.EclipseLogger - skip non existing resourceDirectory E:\Data\Workspaces\Eclipse\Appnovation\java-url-parser\src\main\resources
2015-08-17 17:25:24,429 [Worker-17] WARN  o.e.m.c.i.embedder.EclipseLogger - Using platform encoding (Cp1252 actually) to copy filtered resources, i.e. build is platform dependent!
2015-08-17 17:25:24,429 [Worker-17] INFO  o.e.m.c.i.embedder.EclipseLogger - skip non existing resourceDirectory E:\Data\Workspaces\Eclipse\Appnovation\java-url-parser\src\test\resources
2015-08-17 17:25:51,528 [Worker-17] WARN  o.e.m.c.i.embedder.EclipseLogger - Using platform encoding (Cp1252 actually) to copy filtered resources, i.e. build is platform dependent!
2015-08-17 17:25:51,528 [Worker-17] INFO  o.e.m.c.i.embedder.EclipseLogger - skip non existing resourceDirectory E:\Data\Workspaces\Eclipse\Appnovation\java-url-parser\src\main\resources
2015-08-17 17:25:51,528 [Worker-17] WARN  o.e.m.c.i.embedder.EclipseLogger - Using platform encoding (Cp1252 actually) to copy filtered resources, i.e. build is platform dependent!
2015-08-17 17:25:51,528 [Worker-17] INFO  o.e.m.c.i.embedder.EclipseLogger - skip non existing resourceDirectory E:\Data\Workspaces\Eclipse\Appnovation\java-url-parser\src\test\resources
2015-08-17 17:26:36,506 [Worker-17] WARN  o.e.m.c.i.embedder.EclipseLogger - Using platform encoding (Cp1252 actually) to copy filtered resources, i.e. build is platform dependent!
2015-08-17 17:26:36,521 [Worker-17] INFO  o.e.m.c.i.embedder.EclipseLogger - skip non existing resourceDirectory E:\Data\Workspaces\Eclipse\Appnovation\java-url-parser\src\main\resources
2015-08-17 17:26:36,521 [Worker-17] WARN  o.e.m.c.i.embedder.EclipseLogger - Using platform encoding (Cp1252 actually) to copy filtered resources, i.e. build is platform dependent!
2015-08-17 17:26:36,521 [Worker-17] INFO  o.e.m.c.i.embedder.EclipseLogger - skip non existing resourceDirectory E:\Data\Workspaces\Eclipse\Appnovation\java-url-parser\src\test\resources
2015-08-17 17:26:56,428 [Worker-19] WARN  o.e.m.c.i.embedder.EclipseLogger - Using platform encoding (Cp1252 actually) to copy filtered resources, i.e. build is platform dependent!
2015-08-17 17:26:56,444 [Worker-19] INFO  o.e.m.c.i.embedder.EclipseLogger - skip non existing resourceDirectory E:\Data\Workspaces\Eclipse\Appnovation\java-url-parser\src\main\resources
2015-08-17 17:26:56,444 [Worker-19] WARN  o.e.m.c.i.embedder.EclipseLogger - Using platform encoding (Cp1252 actually) to copy filtered resources, i.e. build is platform dependent!
2015-08-17 17:26:56,444 [Worker-19] INFO  o.e.m.c.i.embedder.EclipseLogger - skip non existing resourceDirectory E:\Data\Workspaces\Eclipse\Appnovation\java-url-parser\src\test\resources
2015-08-17 17:28:39,191 [Worker-20] WARN  o.e.m.c.i.embedder.EclipseLogger - Using platform encoding (Cp1252 actually) to copy filtered resources, i.e. build is platform dependent!
2015-08-17 17:28:39,191 [Worker-20] INFO  o.e.m.c.i.embedder.EclipseLogger - skip non existing resourceDirectory E:\Data\Workspaces\Eclipse\Appnovation\java-url-parser\src\main\resources
2015-08-17 17:28:39,207 [Worker-20] WARN  o.e.m.c.i.embedder.EclipseLogger - Using platform encoding (Cp1252 actually) to copy filtered resources, i.e. build is platform dependent!
2015-08-17 17:28:39,207 [Worker-20] INFO  o.e.m.c.i.embedder.EclipseLogger - skip non existing resourceDirectory E:\Data\Workspaces\Eclipse\Appnovation\java-url-parser\src\test\resources
2015-08-17 17:33:10,814 [Worker-20] WARN  o.e.m.c.i.embedder.EclipseLogger - Using platform encoding (Cp1252 actually) to copy filtered resources, i.e. build is platform dependent!
2015-08-17 17:33:10,830 [Worker-20] INFO  o.e.m.c.i.embedder.EclipseLogger - skip non existing resourceDirectory E:\Data\Workspaces\Eclipse\Appnovation\java-url-parser\src\main\resources
2015-08-17 17:33:10,830 [Worker-20] WARN  o.e.m.c.i.embedder.EclipseLogger - Using platform encoding (Cp1252 actually) to copy filtered resources, i.e. build is platform dependent!
2015-08-17 17:33:10,830 [Worker-20] INFO  o.e.m.c.i.embedder.EclipseLogger - skip non existing resourceDirectory E:\Data\Workspaces\Eclipse\Appnovation\java-url-parser\src\test\resources
2015-08-17 17:33:58,115 [Worker-23] WARN  o.e.m.c.i.embedder.EclipseLogger - Using platform encoding (Cp1252 actually) to copy filtered resources, i.e. build is platform dependent!
2015-08-17 17:33:58,115 [Worker-23] INFO  o.e.m.c.i.embedder.EclipseLogger - skip non existing resourceDirectory E:\Data\Workspaces\Eclipse\Appnovation\java-url-parser\src\main\resources
2015-08-17 17:33:58,115 [Worker-23] WARN  o.e.m.c.i.embedder.EclipseLogger - Using platform encoding (Cp1252 actually) to copy filtered resources, i.e. build is platform dependent!
2015-08-17 17:33:58,115 [Worker-23] INFO  o.e.m.c.i.embedder.EclipseLogger - skip non existing resourceDirectory E:\Data\Workspaces\Eclipse\Appnovation\java-url-parser\src\test\resources
2015-08-17 17:35:21,952 [Worker-22] WARN  o.e.m.c.i.embedder.EclipseLogger - Using platform encoding (Cp1252 actually) to copy filtered resources, i.e. build is platform dependent!
2015-08-17 17:35:21,952 [Worker-22] INFO  o.e.m.c.i.embedder.EclipseLogger - skip non existing resourceDirectory E:\Data\Workspaces\Eclipse\Appnovation\java-url-parser\src\main\resources
2015-08-17 17:35:21,952 [Worker-22] WARN  o.e.m.c.i.embedder.EclipseLogger - Using platform encoding (Cp1252 actually) to copy filtered resources, i.e. build is platform dependent!
2015-08-17 17:35:21,952 [Worker-22] INFO  o.e.m.c.i.embedder.EclipseLogger - skip non existing resourceDirectory E:\Data\Workspaces\Eclipse\Appnovation\java-url-parser\src\test\resources
2015-08-17 17:35:36,944 [Worker-22] WARN  o.e.m.c.i.embedder.EclipseLogger - Using platform encoding (Cp1252 actually) to copy filtered resources, i.e. build is platform dependent!
2015-08-17 17:35:36,944 [Worker-22] INFO  o.e.m.c.i.embedder.EclipseLogger - skip non existing resourceDirectory E:\Data\Workspaces\Eclipse\Appnovation\java-url-parser\src\main\resources
2015-08-17 17:35:36,944 [Worker-22] WARN  o.e.m.c.i.embedder.EclipseLogger - Using platform encoding (Cp1252 actually) to copy filtered resources, i.e. build is platform dependent!
2015-08-17 17:35:36,944 [Worker-22] INFO  o.e.m.c.i.embedder.EclipseLogger - skip non existing resourceDirectory E:\Data\Workspaces\Eclipse\Appnovation\java-url-parser\src\test\resources
2015-08-17 17:36:40,313 [Worker-20] WARN  o.e.m.c.i.embedder.EclipseLogger - Using platform encoding (Cp1252 actually) to copy filtered resources, i.e. build is platform dependent!
2015-08-17 17:36:40,313 [Worker-20] INFO  o.e.m.c.i.embedder.EclipseLogger - skip non existing resourceDirectory E:\Data\Workspaces\Eclipse\Appnovation\java-url-parser\src\main\resources
2015-08-17 17:36:40,329 [Worker-20] WARN  o.e.m.c.i.embedder.EclipseLogger - Using platform encoding (Cp1252 actually) to copy filtered resources, i.e. build is platform dependent!
2015-08-17 17:36:40,329 [Worker-20] INFO  o.e.m.c.i.embedder.EclipseLogger - skip non existing resourceDirectory E:\Data\Workspaces\Eclipse\Appnovation\java-url-parser\src\test\resources
2015-08-17 17:37:53,463 [Worker-23] WARN  o.e.m.c.i.embedder.EclipseLogger - Using platform encoding (Cp1252 actually) to copy filtered resources, i.e. build is platform dependent!
2015-08-17 17:37:53,479 [Worker-23] INFO  o.e.m.c.i.embedder.EclipseLogger - skip non existing resourceDirectory E:\Data\Workspaces\Eclipse\Appnovation\java-url-parser\src\main\resources
2015-08-17 17:37:53,479 [Worker-23] WARN  o.e.m.c.i.embedder.EclipseLogger - Using platform encoding (Cp1252 actually) to copy filtered resources, i.e. build is platform dependent!
2015-08-17 17:37:53,479 [Worker-23] INFO  o.e.m.c.i.embedder.EclipseLogger - skip non existing resourceDirectory E:\Data\Workspaces\Eclipse\Appnovation\java-url-parser\src\test\resources
2015-08-17 17:38:10,764 [Worker-19] WARN  o.e.m.c.i.embedder.EclipseLogger - Using platform encoding (Cp1252 actually) to copy filtered resources, i.e. build is platform dependent!
2015-08-17 17:38:10,764 [Worker-19] INFO  o.e.m.c.i.embedder.EclipseLogger - skip non existing resourceDirectory E:\Data\Workspaces\Eclipse\Appnovation\java-url-parser\src\main\resources
2015-08-17 17:38:10,780 [Worker-19] WARN  o.e.m.c.i.embedder.EclipseLogger - Using platform encoding (Cp1252 actually) to copy filtered resources, i.e. build is platform dependent!
2015-08-17 17:38:10,780 [Worker-19] INFO  o.e.m.c.i.embedder.EclipseLogger - skip non existing resourceDirectory E:\Data\Workspaces\Eclipse\Appnovation\java-url-parser\src\test\resources
2015-08-17 21:59:18,716 [Worker-0] INFO  o.e.m.c.i.i.nexus.NexusIndexManager - Updating index for repository: stg-repo-mirror|http://cguschp275vm/artifactory/repo
2015-08-17 21:59:19,262 [Worker-0] INFO  c.n.h.c.p.n.NettyAsyncHttpProvider - Number of application's worked threads is 2
2015-08-17 21:59:37,203 [Worker-8] WARN  o.e.m.c.i.embedder.EclipseLogger - Using platform encoding (Cp1252 actually) to copy filtered resources, i.e. build is platform dependent!
2015-08-17 21:59:37,203 [Worker-8] INFO  o.e.m.c.i.embedder.EclipseLogger - skip non existing resourceDirectory E:\Data\Workspaces\Eclipse\Appnovation\java-url-parser\src\main\resources
2015-08-17 21:59:37,203 [Worker-8] WARN  o.e.m.c.i.embedder.EclipseLogger - Using platform encoding (Cp1252 actually) to copy filtered resources, i.e. build is platform dependent!
2015-08-17 21:59:37,203 [Worker-8] INFO  o.e.m.c.i.embedder.EclipseLogger - skip non existing resourceDirectory E:\Data\Workspaces\Eclipse\Appnovation\java-url-parser\src\test\resources
2015-08-17 22:02:58,472 [Worker-0] ERROR o.e.m.c.i.i.nexus.NexusIndexManager - Unable to update index for stg-repo-mirror|http://cguschp275vm/artifactory/repo
java.lang.NullPointerException: null
	at org.apache.lucene.store.IndexOutput.writeString(IndexOutput.java:102) ~[lucene-core-2.4.1.jar:2.4.1 750176 - 2009-03-04 21:56:52]
	at org.apache.lucene.index.SegmentInfo.write(SegmentInfo.java:504) ~[lucene-core-2.4.1.jar:2.4.1 750176 - 2009-03-04 21:56:52]
	at org.apache.lucene.index.SegmentInfos.write(SegmentInfos.java:307) ~[lucene-core-2.4.1.jar:2.4.1 750176 - 2009-03-04 21:56:52]
	at org.apache.lucene.index.SegmentInfos.prepareCommit(SegmentInfos.java:761) ~[lucene-core-2.4.1.jar:2.4.1 750176 - 2009-03-04 21:56:52]
	at org.apache.lucene.index.IndexWriter.startCommit(IndexWriter.java:4636) ~[lucene-core-2.4.1.jar:2.4.1 750176 - 2009-03-04 21:56:52]
	at org.apache.lucene.index.IndexWriter.commit(IndexWriter.java:3369) ~[lucene-core-2.4.1.jar:2.4.1 750176 - 2009-03-04 21:56:52]
	at org.apache.lucene.index.IndexWriter.closeInternal(IndexWriter.java:1654) ~[lucene-core-2.4.1.jar:2.4.1 750176 - 2009-03-04 21:56:52]
	at org.apache.lucene.index.IndexWriter.close(IndexWriter.java:1602) ~[lucene-core-2.4.1.jar:2.4.1 750176 - 2009-03-04 21:56:52]
	at org.apache.lucene.index.IndexWriter.close(IndexWriter.java:1578) ~[lucene-core-2.4.1.jar:2.4.1 750176 - 2009-03-04 21:56:52]
	at org.apache.maven.index.context.NexusIndexWriter.close(NexusIndexWriter.java:58) ~[indexer-core-3.1.0.jar:3.1.0]
	at org.apache.maven.index.context.IndexUtils.close(IndexUtils.java:376) ~[indexer-core-3.1.0.jar:3.1.0]
	at org.apache.maven.index.updater.DefaultIndexUpdater.unpackIndexData(DefaultIndexUpdater.java:529) ~[indexer-core-3.1.0.jar:3.1.0]
	at org.apache.maven.index.updater.DefaultIndexUpdater.loadIndexDirectory(DefaultIndexUpdater.java:212) ~[indexer-core-3.1.0.jar:3.1.0]
	at org.apache.maven.index.updater.DefaultIndexUpdater.access$300(DefaultIndexUpdater.java:75) ~[indexer-core-3.1.0.jar:3.1.0]
	at org.apache.maven.index.updater.DefaultIndexUpdater$LuceneIndexAdaptor.setIndexFile(DefaultIndexUpdater.java:645) ~[indexer-core-3.1.0.jar:3.1.0]
	at org.apache.maven.index.updater.DefaultIndexUpdater.fetchAndUpdateIndex(DefaultIndexUpdater.java:829) ~[indexer-core-3.1.0.jar:3.1.0]
	at org.apache.maven.index.updater.DefaultIndexUpdater.fetchAndUpdateIndex(DefaultIndexUpdater.java:156) ~[indexer-core-3.1.0.jar:3.1.0]
	at org.eclipse.m2e.core.internal.index.nexus.NexusIndexManager.updateRemoteIndex(NexusIndexManager.java:1139) [org.eclipse.m2e.core_1.4.0.20130601-0317.jar:na]
	at org.eclipse.m2e.core.internal.index.nexus.NexusIndexManager.updateIndex(NexusIndexManager.java:1083) [org.eclipse.m2e.core_1.4.0.20130601-0317.jar:na]
	at org.eclipse.m2e.core.internal.index.nexus.NexusIndexManager$1.run(NexusIndexManager.java:660) [org.eclipse.m2e.core_1.4.0.20130601-0317.jar:na]
	at org.eclipse.m2e.core.internal.index.nexus.IndexUpdaterJob.run(IndexUpdaterJob.java:72) [org.eclipse.m2e.core_1.4.0.20130601-0317.jar:na]
	at org.eclipse.core.internal.jobs.Worker.run(Worker.java:53) [org.eclipse.core.jobs_3.5.300.v20120912-155018.jar:na]
